<?xml version="1.0" encoding="UTF-8"?>
<!-- Generated by org.testng.reporters.JUnitReportReporter -->
<testsuite hostname="Tathagata" failures="0" tests="1" name="mytest.demo" time="1.634" errors="0" timestamp="2025-03-23T22:56:45 IST" skipped="0">
  <testcase classname="mytest.demo" name="test" time="1.634"/>
</testsuite> <!-- mytest.demo -->
